<?xml version="1.0" encoding="UTF-8"?>
<testng-results ignored="0" total="1" passed="1" failed="0" skipped="0">
  <reporter-output>
  </reporter-output>
  <suite started-at="2024-11-24T21:06:14 EET" name="Default Suite" finished-at="2024-11-24T21:07:07 EET" duration-ms="53362">
    <groups>
    </groups>
    <test started-at="2024-11-24T21:06:14 EET" name="AutomationExercisesTask" finished-at="2024-11-24T21:07:07 EET" duration-ms="53362">
      <class name="AutomationTask">
        <test-method is-config="true" signature="setup()[pri:0, instance:AutomationTask@222114ba]" started-at="2024-11-24T21:06:14 EET" name="setup" finished-at="2024-11-24T21:06:41 EET" duration-ms="26925" status="PASS">
          <reporter-output>
          </reporter-output>
        </test-method> <!-- setup -->
        <test-method signature="registerUser()[pri:0, instance:AutomationTask@222114ba]" started-at="2024-11-24T21:06:41 EET" name="registerUser" finished-at="2024-11-24T21:07:07 EET" duration-ms="26353" status="PASS">
          <reporter-output>
          </reporter-output>
        </test-method> <!-- registerUser -->
      </class> <!-- AutomationTask -->
    </test> <!-- AutomationExercisesTask -->
  </suite> <!-- Default Suite -->
</testng-results>
